[2024-12-07 14:38:33] testing.DEBUG: View: login.login  
[2024-12-14 11:56:24] testing.DEBUG: View: login.login  
[2024-12-14 13:39:37] testing.DEBUG: View: login.login  
[2024-12-14 15:56:35] testing.DEBUG: View: login.login  
[2024-12-14 19:26:50] testing.DEBUG: View: login.login  
[2024-12-14 20:29:44] testing.DEBUG: View: login.login  
[2024-12-14 20:54:01] testing.DEBUG: View: login.login  
[2024-12-14 22:17:38] testing.DEBUG: View: login.login  
[2024-12-15 09:40:54] testing.DEBUG: View: login.login  
[2024-12-15 10:21:01] testing.DEBUG: View: login.login  
[2024-12-15 14:14:24] testing.DEBUG: View: login.login  
[2024-12-15 15:10:07] testing.DEBUG: View: login.login  
[2024-12-29 08:23:49] testing.DEBUG: View: login.login  
[2024-12-29 09:07:49] testing.DEBUG: View: login.login  
[2025-01-23 19:31:42] testing.DEBUG: View: login.login  
[2025-05-28 23:11:41] testing.DEBUG: View: login.login  
[2025-05-29 07:14:11] testing.DEBUG: View: login.login  
[2025-05-29 07:43:28] testing.DEBUG: View: login.login  
[2025-08-01 16:33:39] production.DEBUG: View: index.public  
[2025-08-01 16:34:29] production.DEBUG: View: index.glx2021.public  
[2025-08-01 16:35:02] production.DEBUG: View: index.public  
[2025-08-01 16:35:32] production.DEBUG: View: index.sandbox.public  
[2025-08-01 16:36:25] production.DEBUG: View: index.sandbox.public  
[2025-08-01 16:37:18] production.DEBUG: View: index.sandbox.public  
[2025-08-01 16:37:35] production.DEBUG: View: index.sandbox.public  
[2025-08-01 16:38:26] production.DEBUG: View: index.sandbox.public  
[2025-08-01 16:39:09] production.DEBUG: View: index.sandbox.public  
[2025-08-01 16:39:56] production.DEBUG: View: index.sandbox.public  
[2025-08-01 16:40:07] production.DEBUG: View: index.sandbox.public  
[2025-08-01 16:40:27] production.DEBUG: View: index.sandbox.public  
[2025-08-01 16:40:38] production.DEBUG: View: login.login  
[2025-08-01 17:23:09] production.DEBUG: View: login.login  
[2025-08-01 17:25:40] production.DEBUG: View: login.login  
[2025-08-01 17:29:11] production.DEBUG: View: login.login  
[2025-08-01 17:29:33] production.DEBUG: View: login.login  
[2025-08-01 17:32:50] production.DEBUG: View: login.login  
[2025-08-01 17:33:45] production.DEBUG: View: login.login  
[2025-08-01 17:33:50] production.DEBUG: View: login.login  
[2025-08-01 17:34:23] production.DEBUG: View: login.login  
[2025-08-01 17:35:11] production.DEBUG: View: login.login  
[2025-08-01 17:35:16] production.DEBUG: View: login.login  
[2025-08-01 17:59:49] production.DEBUG: View: login.login  
[2025-08-01 18:00:05] production.DEBUG: View: member.sandbox.index  
[2025-08-01 18:02:10] production.DEBUG: View: member.sandbox.index  
[2025-08-01 18:02:58] production.DEBUG: View: member.sandbox.index  
[2025-08-01 18:04:25] production.DEBUG: View: member.sandbox.index  
[2025-08-01 18:05:06] production.DEBUG: View: member.index  
[2025-08-01 18:05:48] production.DEBUG: View: member.index  
[2025-08-01 18:05:56] production.DEBUG: View: member.index  
[2025-08-01 18:06:06] production.DEBUG: View: admin.sandbox.index  
[2025-08-01 18:06:38] production.DEBUG: View: admin.index  
[2025-08-01 18:07:24] production.DEBUG: View: admin.index  
[2025-08-01 18:07:42] production.DEBUG: View: admin.index  
[2025-08-01 18:07:47] production.DEBUG: View: admin.index  
[2025-08-01 18:27:00] production.DEBUG: View: admin.index  
[2025-08-01 18:27:33] production.DEBUG: View: admin.index  
[2025-08-01 18:29:47] production.DEBUG: View: admin.index  
[2025-08-01 18:31:01] production.DEBUG: View: admin.index  
[2025-08-01 18:31:43] production.DEBUG: View: admin.index  
[2025-08-01 18:31:49] production.DEBUG: View: admin.index  
[2025-08-01 18:32:01] production.DEBUG: View: admin.index  
[2025-08-01 18:32:11] production.DEBUG: View: admin.index  
[2025-08-01 18:32:17] production.DEBUG: View: admin.index  
[2025-08-01 18:32:34] production.DEBUG: View: admin.index  
[2025-08-01 18:32:55] production.DEBUG: View: admin.index  
[2025-08-01 18:33:13] production.DEBUG: View: admin.index  
[2025-08-01 18:34:06] production.DEBUG: View: admin.index  
[2025-08-01 18:34:43] production.DEBUG: View: admin.index  
[2025-08-01 18:36:57] production.DEBUG: View: admin.index  
[2025-08-01 18:37:18] production.DEBUG: View: admin.index  
[2025-08-01 18:38:05] production.DEBUG: View: admin.index  
[2025-08-01 18:38:07] production.DEBUG: View: admin.index  
[2025-08-01 18:39:15] production.DEBUG: View: admin.index  
[2025-08-01 18:48:56] production.DEBUG: View: admin.index  
[2025-08-01 18:53:49] production.DEBUG: View: login.login  
[2025-08-01 18:58:10] production.DEBUG: View: login.login  
[2025-08-01 18:58:42] production.DEBUG: View: login.login  
[2025-08-01 18:59:42] production.DEBUG: View: login.login  
[2025-08-01 18:59:57] production.DEBUG: View: member.index  
[2025-08-01 19:00:02] production.DEBUG: View: admin.index  
[2025-08-01 19:00:05] production.DEBUG: View: admin.index  
[2025-08-01 19:05:26] production.DEBUG: View: member.index  
[2025-08-01 19:12:18] production.DEBUG: View: admin.index  
[2025-08-01 19:39:42] production.DEBUG: View: admin.index  
[2025-08-01 19:39:56] production.DEBUG: View: member.index  
[2025-08-01 19:41:21] production.DEBUG: View: member.index  
[2025-08-01 19:43:48] production.DEBUG: View: member.index  
[2025-08-01 19:43:56] production.DEBUG: View: admin.index  
[2025-08-01 19:46:25] production.DEBUG: View: member.index  
[2025-08-01 19:46:30] production.DEBUG: View: admin.index  
